[[[系统日志]]]
[2020/05/15 09:29:44.0488]
[线程：1]
系统启动

[[[自动注册扩展缓存完成]]]
[2020/05/15 09:29:44.4248]
[线程：1]
注册总用时：368.5017ms
自动扫描程序集：159个
扩展缓存：
Senparc.Weixin.Cache.LocalContainerCacheStrategy

[[[微信扩展缓存注册完成]]]
[2020/05/15 09:29:44.4307]
[线程：1]
微信扩展缓存注册总用时：0.1733ms
扩展缓存：Senparc.Weixin.Cache.LocalContainerCacheStrategy

[[[首页被访问]]]
[2020/05/15 09:29:44.8726]
[线程：5]
Url：localhost:58930
IP：::1

[[[系统日志]]]
[2020/05/15 09:30:37.0779]
[线程：1]
系统启动

[[[自动注册扩展缓存完成]]]
[2020/05/15 09:30:37.4590]
[线程：1]
注册总用时：374.5165ms
自动扫描程序集：159个
扩展缓存：
Senparc.Weixin.Cache.LocalContainerCacheStrategy

[[[微信扩展缓存注册完成]]]
[2020/05/15 09:30:37.4645]
[线程：1]
微信扩展缓存注册总用时：0.1303ms
扩展缓存：Senparc.Weixin.Cache.LocalContainerCacheStrategy

[[[首页被访问]]]
[2020/05/15 09:30:37.9233]
[线程：11]
Url：localhost:58930
IP：::1

[[[系统日志]]]
[2020/05/15 09:32:08.2595]
[线程：1]
系统启动

[[[自动注册扩展缓存完成]]]
[2020/05/15 09:32:08.6407]
[线程：1]
注册总用时：374.2866ms
自动扫描程序集：159个
扩展缓存：
Senparc.Weixin.Cache.LocalContainerCacheStrategy

[[[微信扩展缓存注册完成]]]
[2020/05/15 09:32:08.6470]
[线程：1]
微信扩展缓存注册总用时：0.1296ms
扩展缓存：Senparc.Weixin.Cache.LocalContainerCacheStrategy

[[[首页被访问]]]
[2020/05/15 09:32:09.1395]
[线程：13]
Url：localhost:58930
IP：::1

[[[系统日志]]]
[2020/05/15 09:32:35.4975]
[线程：1]
系统启动

[[[自动注册扩展缓存完成]]]
[2020/05/15 09:32:35.8742]
[线程：1]
注册总用时：370.3426ms
自动扫描程序集：159个
扩展缓存：
Senparc.Weixin.Cache.LocalContainerCacheStrategy

[[[微信扩展缓存注册完成]]]
[2020/05/15 09:32:35.8800]
[线程：1]
微信扩展缓存注册总用时：0.1350ms
扩展缓存：Senparc.Weixin.Cache.LocalContainerCacheStrategy

[[[首页被访问]]]
[2020/05/15 09:32:36.3479]
[线程：7]
Url：localhost:58930
IP：::1

[[[系统日志]]]
[2020/05/15 09:33:06.7984]
[线程：1]
系统启动

[[[自动注册扩展缓存完成]]]
[2020/05/15 09:33:07.1799]
[线程：1]
注册总用时：374.9593ms
自动扫描程序集：159个
扩展缓存：
Senparc.Weixin.Cache.LocalContainerCacheStrategy

[[[微信扩展缓存注册完成]]]
[2020/05/15 09:33:07.1854]
[线程：1]
微信扩展缓存注册总用时：0.1233ms
扩展缓存：Senparc.Weixin.Cache.LocalContainerCacheStrategy

[[[首页被访问]]]
[2020/05/15 09:33:07.6449]
[线程：7]
Url：localhost:58930
IP：::1

[[[系统日志]]]
[2020/05/15 09:38:49.9794]
[线程：1]
系统启动

[[[自动注册扩展缓存完成]]]
[2020/05/15 09:38:50.3590]
[线程：1]
注册总用时：372.8864ms
自动扫描程序集：159个
扩展缓存：
Senparc.Weixin.Cache.LocalContainerCacheStrategy

[[[微信扩展缓存注册完成]]]
[2020/05/15 09:38:50.3648]
[线程：1]
微信扩展缓存注册总用时：0.1308ms
扩展缓存：Senparc.Weixin.Cache.LocalContainerCacheStrategy

[[[首页被访问]]]
[2020/05/15 09:38:50.8356]
[线程：12]
Url：localhost:58930
IP：::1

[[[系统日志]]]
[2020/05/15 10:09:08.5648]
[线程：1]
系统启动

[[[自动注册扩展缓存完成]]]
[2020/05/15 10:09:08.9558]
[线程：1]
注册总用时：384.0851ms
自动扫描程序集：159个
扩展缓存：
Senparc.Weixin.Cache.LocalContainerCacheStrategy

[[[微信扩展缓存注册完成]]]
[2020/05/15 10:09:08.9617]
[线程：1]
微信扩展缓存注册总用时：0.1254ms
扩展缓存：Senparc.Weixin.Cache.LocalContainerCacheStrategy

[[[首页被访问]]]
[2020/05/15 10:09:09.4342]
[线程：4]
Url：localhost:58930
IP：::1

[[[系统日志]]]
[2020/05/15 10:11:26.6805]
[线程：1]
系统启动

[[[自动注册扩展缓存完成]]]
[2020/05/15 10:11:27.0647]
[线程：1]
注册总用时：377.3043ms
自动扫描程序集：159个
扩展缓存：
Senparc.Weixin.Cache.LocalContainerCacheStrategy

[[[微信扩展缓存注册完成]]]
[2020/05/15 10:11:27.0708]
[线程：1]
微信扩展缓存注册总用时：0.1313ms
扩展缓存：Senparc.Weixin.Cache.LocalContainerCacheStrategy

[[[首页被访问]]]
[2020/05/15 10:11:27.5405]
[线程：11]
Url：localhost:58930
IP：::1

[[[系统日志]]]
[2020/05/15 10:13:28.8350]
[线程：1]
系统启动

[[[自动注册扩展缓存完成]]]
[2020/05/15 10:13:29.2227]
[线程：1]
注册总用时：378.7153ms
自动扫描程序集：159个
扩展缓存：
Senparc.Weixin.Cache.LocalContainerCacheStrategy

[[[微信扩展缓存注册完成]]]
[2020/05/15 10:13:29.2285]
[线程：1]
微信扩展缓存注册总用时：0.1462ms
扩展缓存：Senparc.Weixin.Cache.LocalContainerCacheStrategy

[[[首页被访问]]]
[2020/05/15 10:13:29.6949]
[线程：12]
Url：localhost:58930
IP：::1

[[[系统日志]]]
[2020/05/15 10:19:00.4698]
[线程：1]
系统启动

[[[自动注册扩展缓存完成]]]
[2020/05/15 10:19:00.8481]
[线程：1]
注册总用时：371.6848ms
自动扫描程序集：159个
扩展缓存：
Senparc.Weixin.Cache.LocalContainerCacheStrategy

[[[微信扩展缓存注册完成]]]
[2020/05/15 10:19:00.8537]
[线程：1]
微信扩展缓存注册总用时：0.1291ms
扩展缓存：Senparc.Weixin.Cache.LocalContainerCacheStrategy

[[[首页被访问]]]
[2020/05/15 10:19:01.3201]
[线程：7]
Url：localhost:58930
IP：::1

[[[系统日志]]]
[2020/05/15 10:24:03.2367]
[线程：1]
系统启动

[[[自动注册扩展缓存完成]]]
[2020/05/15 10:24:03.6093]
[线程：1]
注册总用时：365.3642ms
自动扫描程序集：159个
扩展缓存：
Senparc.Weixin.Cache.LocalContainerCacheStrategy

[[[微信扩展缓存注册完成]]]
[2020/05/15 10:24:03.6149]
[线程：1]
微信扩展缓存注册总用时：0.1275ms
扩展缓存：Senparc.Weixin.Cache.LocalContainerCacheStrategy

[[[首页被访问]]]
[2020/05/15 10:24:04.0960]
[线程：12]
Url：localhost:58930
IP：::1

[[[系统日志]]]
[2020/05/15 10:25:53.2741]
[线程：1]
系统启动

[[[自动注册扩展缓存完成]]]
[2020/05/15 10:25:53.6506]
[线程：1]
注册总用时：370.1331ms
自动扫描程序集：159个
扩展缓存：
Senparc.Weixin.Cache.LocalContainerCacheStrategy

[[[微信扩展缓存注册完成]]]
[2020/05/15 10:25:53.6561]
[线程：1]
微信扩展缓存注册总用时：0.1355ms
扩展缓存：Senparc.Weixin.Cache.LocalContainerCacheStrategy

[[[首页被访问]]]
[2020/05/15 10:25:54.1368]
[线程：9]
Url：localhost:58930
IP：::1

[[[系统日志]]]
[2020/05/15 10:27:30.5574]
[线程：1]
系统启动

[[[自动注册扩展缓存完成]]]
[2020/05/15 10:27:30.9383]
[线程：1]
注册总用时：367.4305ms
自动扫描程序集：159个
扩展缓存：
Senparc.Weixin.Cache.LocalContainerCacheStrategy

[[[微信扩展缓存注册完成]]]
[2020/05/15 10:27:30.9436]
[线程：1]
微信扩展缓存注册总用时：0.1255ms
扩展缓存：Senparc.Weixin.Cache.LocalContainerCacheStrategy

[[[首页被访问]]]
[2020/05/15 10:27:31.4025]
[线程：7]
Url：localhost:58930
IP：::1

[[[系统日志]]]
[2020/05/15 10:28:32.0783]
[线程：1]
系统启动

[[[自动注册扩展缓存完成]]]
[2020/05/15 10:28:32.4580]
[线程：1]
注册总用时：373.0716ms
自动扫描程序集：159个
扩展缓存：
Senparc.Weixin.Cache.LocalContainerCacheStrategy

[[[微信扩展缓存注册完成]]]
[2020/05/15 10:28:32.4635]
[线程：1]
微信扩展缓存注册总用时：0.1300ms
扩展缓存：Senparc.Weixin.Cache.LocalContainerCacheStrategy

[[[首页被访问]]]
[2020/05/15 10:28:32.9227]
[线程：12]
Url：localhost:58930
IP：::1

[[[首页被访问]]]
[2020/05/15 10:28:36.3957]
[线程：16]
Url：localhost:58930
IP：::1

[[[系统日志]]]
[2020/05/15 10:29:14.3997]
[线程：1]
系统启动

[[[自动注册扩展缓存完成]]]
[2020/05/15 10:29:14.7789]
[线程：1]
注册总用时：373.0082ms
自动扫描程序集：159个
扩展缓存：
Senparc.Weixin.Cache.LocalContainerCacheStrategy

[[[微信扩展缓存注册完成]]]
[2020/05/15 10:29:14.7840]
[线程：1]
微信扩展缓存注册总用时：0.1250ms
扩展缓存：Senparc.Weixin.Cache.LocalContainerCacheStrategy

[[[首页被访问]]]
[2020/05/15 10:29:15.2425]
[线程：12]
Url：localhost:58930
IP：::1

[[[系统日志]]]
[2020/05/15 10:32:07.9721]
[线程：1]
系统启动

[[[自动注册扩展缓存完成]]]
[2020/05/15 10:32:08.3525]
[线程：1]
注册总用时：373.7815ms
自动扫描程序集：159个
扩展缓存：
Senparc.Weixin.Cache.LocalContainerCacheStrategy

[[[微信扩展缓存注册完成]]]
[2020/05/15 10:32:08.3582]
[线程：1]
微信扩展缓存注册总用时：0.1292ms
扩展缓存：Senparc.Weixin.Cache.LocalContainerCacheStrategy

[[[首页被访问]]]
[2020/05/15 10:32:08.7851]
[线程：4]
Url：localhost:58930
IP：::1

[[[系统日志]]]
[2020/05/15 10:36:19.4643]
[线程：1]
系统启动

[[[自动注册扩展缓存完成]]]
[2020/05/15 10:36:19.8460]
[线程：1]
注册总用时：375.2879ms
自动扫描程序集：159个
扩展缓存：
Senparc.Weixin.Cache.LocalContainerCacheStrategy

[[[微信扩展缓存注册完成]]]
[2020/05/15 10:36:19.8518]
[线程：1]
微信扩展缓存注册总用时：0.1368ms
扩展缓存：Senparc.Weixin.Cache.LocalContainerCacheStrategy

[[[首页被访问]]]
[2020/05/15 10:36:20.3297]
[线程：7]
Url：localhost:58930
IP：::1

[[[系统日志]]]
[2020/05/15 10:38:13.1538]
[线程：1]
系统启动

[[[自动注册扩展缓存完成]]]
[2020/05/15 10:38:13.5418]
[线程：1]
注册总用时：380.6511ms
自动扫描程序集：159个
扩展缓存：
Senparc.Weixin.Cache.LocalContainerCacheStrategy

[[[微信扩展缓存注册完成]]]
[2020/05/15 10:38:13.5474]
[线程：1]
微信扩展缓存注册总用时：0.1278ms
扩展缓存：Senparc.Weixin.Cache.LocalContainerCacheStrategy

[[[首页被访问]]]
[2020/05/15 10:38:14.0106]
[线程：12]
Url：localhost:58930
IP：::1

[[[系统日志]]]
[2020/05/15 10:45:46.4720]
[线程：1]
系统启动

[[[自动注册扩展缓存完成]]]
[2020/05/15 10:45:46.8551]
[线程：1]
注册总用时：376.1608ms
自动扫描程序集：159个
扩展缓存：
Senparc.Weixin.Cache.LocalContainerCacheStrategy

[[[微信扩展缓存注册完成]]]
[2020/05/15 10:45:46.8608]
[线程：1]
微信扩展缓存注册总用时：0.1337ms
扩展缓存：Senparc.Weixin.Cache.LocalContainerCacheStrategy

[[[首页被访问]]]
[2020/05/15 10:45:47.3428]
[线程：4]
Url：localhost:58930
IP：::1

[[[系统日志]]]
[2020/05/15 10:46:33.5395]
[线程：1]
系统启动

[[[自动注册扩展缓存完成]]]
[2020/05/15 10:46:33.9215]
[线程：1]
注册总用时：374.6011ms
自动扫描程序集：159个
扩展缓存：
Senparc.Weixin.Cache.LocalContainerCacheStrategy

[[[微信扩展缓存注册完成]]]
[2020/05/15 10:46:33.9275]
[线程：1]
微信扩展缓存注册总用时：0.1291ms
扩展缓存：Senparc.Weixin.Cache.LocalContainerCacheStrategy

[[[首页被访问]]]
[2020/05/15 10:46:34.3917]
[线程：12]
Url：localhost:58930
IP：::1

[[[系统日志]]]
[2020/05/15 10:48:05.5478]
[线程：1]
系统启动

[[[自动注册扩展缓存完成]]]
[2020/05/15 10:48:05.9244]
[线程：1]
注册总用时：370.2512ms
自动扫描程序集：159个
扩展缓存：
Senparc.Weixin.Cache.LocalContainerCacheStrategy

[[[微信扩展缓存注册完成]]]
[2020/05/15 10:48:05.9299]
[线程：1]
微信扩展缓存注册总用时：0.1261ms
扩展缓存：Senparc.Weixin.Cache.LocalContainerCacheStrategy

[[[首页被访问]]]
[2020/05/15 10:48:06.3946]
[线程：12]
Url：localhost:58930
IP：::1

[[[系统日志]]]
[2020/05/15 10:50:55.0217]
[线程：1]
系统启动

[[[自动注册扩展缓存完成]]]
[2020/05/15 10:50:55.4007]
[线程：1]
注册总用时：372.4238ms
自动扫描程序集：159个
扩展缓存：
Senparc.Weixin.Cache.LocalContainerCacheStrategy

[[[微信扩展缓存注册完成]]]
[2020/05/15 10:50:55.4061]
[线程：1]
微信扩展缓存注册总用时：0.1247ms
扩展缓存：Senparc.Weixin.Cache.LocalContainerCacheStrategy

[[[首页被访问]]]
[2020/05/15 10:50:55.8847]
[线程：7]
Url：localhost:58930
IP：::1

[[[系统日志]]]
[2020/05/15 10:57:44.4037]
[线程：1]
系统启动

[[[自动注册扩展缓存完成]]]
[2020/05/15 10:57:44.7808]
[线程：1]
注册总用时：370.6805ms
自动扫描程序集：159个
扩展缓存：
Senparc.Weixin.Cache.LocalContainerCacheStrategy

[[[微信扩展缓存注册完成]]]
[2020/05/15 10:57:44.7865]
[线程：1]
微信扩展缓存注册总用时：0.1375ms
扩展缓存：Senparc.Weixin.Cache.LocalContainerCacheStrategy

[[[首页被访问]]]
[2020/05/15 10:57:45.2422]
[线程：11]
Url：localhost:58930
IP：::1

[[[系统日志]]]
[2020/05/15 10:58:47.0956]
[线程：1]
系统启动

[[[自动注册扩展缓存完成]]]
[2020/05/15 10:58:47.4735]
[线程：1]
注册总用时：371.4321ms
自动扫描程序集：159个
扩展缓存：
Senparc.Weixin.Cache.LocalContainerCacheStrategy

[[[微信扩展缓存注册完成]]]
[2020/05/15 10:58:47.4786]
[线程：1]
微信扩展缓存注册总用时：0.1291ms
扩展缓存：Senparc.Weixin.Cache.LocalContainerCacheStrategy

[[[首页被访问]]]
[2020/05/15 10:58:47.9575]
[线程：11]
Url：localhost:58930
IP：::1

[[[系统日志]]]
[2020/05/15 11:08:44.7095]
[线程：1]
系统启动

[[[自动注册扩展缓存完成]]]
[2020/05/15 11:08:45.0919]
[线程：1]
注册总用时：375.829ms
自动扫描程序集：159个
扩展缓存：
Senparc.Weixin.Cache.LocalContainerCacheStrategy

[[[微信扩展缓存注册完成]]]
[2020/05/15 11:08:45.0977]
[线程：1]
微信扩展缓存注册总用时：0.1531ms
扩展缓存：Senparc.Weixin.Cache.LocalContainerCacheStrategy

[[[首页被访问]]]
[2020/05/15 11:08:45.5579]
[线程：7]
Url：localhost:58930
IP：::1

[[[系统日志]]]
[2020/05/15 11:09:12.7217]
[线程：1]
系统启动

[[[自动注册扩展缓存完成]]]
[2020/05/15 11:09:13.1282]
[线程：1]
注册总用时：399.7354ms
自动扫描程序集：159个
扩展缓存：
Senparc.Weixin.Cache.LocalContainerCacheStrategy

[[[微信扩展缓存注册完成]]]
[2020/05/15 11:09:13.1332]
[线程：1]
微信扩展缓存注册总用时：0.1214ms
扩展缓存：Senparc.Weixin.Cache.LocalContainerCacheStrategy

[[[首页被访问]]]
[2020/05/15 11:09:13.5868]
[线程：11]
Url：localhost:58930
IP：::1

[[[系统日志]]]
[2020/05/15 11:12:52.5818]
[线程：1]
系统启动

[[[自动注册扩展缓存完成]]]
[2020/05/15 11:12:52.9622]
[线程：1]
注册总用时：373.717ms
自动扫描程序集：159个
扩展缓存：
Senparc.Weixin.Cache.LocalContainerCacheStrategy

[[[微信扩展缓存注册完成]]]
[2020/05/15 11:12:52.9677]
[线程：1]
微信扩展缓存注册总用时：0.1301ms
扩展缓存：Senparc.Weixin.Cache.LocalContainerCacheStrategy

[[[首页被访问]]]
[2020/05/15 11:12:53.4268]
[线程：4]
Url：localhost:58930
IP：::1

[[[系统日志]]]
[2020/05/15 11:16:02.5457]
[线程：1]
系统启动

[[[自动注册扩展缓存完成]]]
[2020/05/15 11:16:02.9237]
[线程：1]
注册总用时：371.1787ms
自动扫描程序集：159个
扩展缓存：
Senparc.Weixin.Cache.LocalContainerCacheStrategy

[[[微信扩展缓存注册完成]]]
[2020/05/15 11:16:02.9294]
[线程：1]
微信扩展缓存注册总用时：0.1327ms
扩展缓存：Senparc.Weixin.Cache.LocalContainerCacheStrategy

[[[首页被访问]]]
[2020/05/15 11:16:03.4111]
[线程：14]
Url：localhost:58930
IP：::1

[[[系统日志]]]
[2020/05/15 11:20:07.5099]
[线程：1]
系统启动

[[[自动注册扩展缓存完成]]]
[2020/05/15 11:20:07.8863]
[线程：1]
注册总用时：369.9695ms
自动扫描程序集：159个
扩展缓存：
Senparc.Weixin.Cache.LocalContainerCacheStrategy

[[[微信扩展缓存注册完成]]]
[2020/05/15 11:20:07.8919]
[线程：1]
微信扩展缓存注册总用时：0.1277ms
扩展缓存：Senparc.Weixin.Cache.LocalContainerCacheStrategy

[[[首页被访问]]]
[2020/05/15 11:20:08.3561]
[线程：4]
Url：localhost:58930
IP：::1

[[[系统日志]]]
[2020/05/15 11:21:12.6723]
[线程：1]
系统启动

[[[自动注册扩展缓存完成]]]
[2020/05/15 11:21:13.0508]
[线程：1]
注册总用时：372.1255ms
自动扫描程序集：159个
扩展缓存：
Senparc.Weixin.Cache.LocalContainerCacheStrategy

[[[微信扩展缓存注册完成]]]
[2020/05/15 11:21:13.0563]
[线程：1]
微信扩展缓存注册总用时：0.1253ms
扩展缓存：Senparc.Weixin.Cache.LocalContainerCacheStrategy

[[[首页被访问]]]
[2020/05/15 11:21:13.5198]
[线程：12]
Url：localhost:58930
IP：::1

[[[系统日志]]]
[2020/05/15 11:35:01.5135]
[线程：1]
系统启动

[[[自动注册扩展缓存完成]]]
[2020/05/15 11:35:02.1863]
[线程：1]
注册总用时：666.2507ms
自动扫描程序集：159个
扩展缓存：
Senparc.Weixin.Cache.LocalContainerCacheStrategy

[[[微信扩展缓存注册完成]]]
[2020/05/15 11:35:02.1919]
[线程：1]
微信扩展缓存注册总用时：0.1258ms
扩展缓存：Senparc.Weixin.Cache.LocalContainerCacheStrategy

[[[首页被访问]]]
[2020/05/15 11:35:02.9071]
[线程：7]
Url：localhost:58930
IP：::1

[[[系统日志]]]
[2020/05/15 11:36:14.3716]
[线程：1]
系统启动

[[[自动注册扩展缓存完成]]]
[2020/05/15 11:36:14.7620]
[线程：1]
注册总用时：384.1123ms
自动扫描程序集：159个
扩展缓存：
Senparc.Weixin.Cache.LocalContainerCacheStrategy

[[[微信扩展缓存注册完成]]]
[2020/05/15 11:36:14.7674]
[线程：1]
微信扩展缓存注册总用时：0.1306ms
扩展缓存：Senparc.Weixin.Cache.LocalContainerCacheStrategy

[[[首页被访问]]]
[2020/05/15 11:36:15.2214]
[线程：7]
Url：localhost:58930
IP：::1

[[[系统日志]]]
[2020/05/15 11:37:04.2240]
[线程：1]
系统启动

[[[自动注册扩展缓存完成]]]
[2020/05/15 11:37:04.6038]
[线程：1]
注册总用时：373.1781ms
自动扫描程序集：159个
扩展缓存：
Senparc.Weixin.Cache.LocalContainerCacheStrategy

[[[微信扩展缓存注册完成]]]
[2020/05/15 11:37:04.6093]
[线程：1]
微信扩展缓存注册总用时：0.1245ms
扩展缓存：Senparc.Weixin.Cache.LocalContainerCacheStrategy

[[[首页被访问]]]
[2020/05/15 11:37:05.0737]
[线程：11]
Url：localhost:58930
IP：::1

[[[系统日志]]]
[2020/05/15 11:38:41.1073]
[线程：1]
系统启动

[[[自动注册扩展缓存完成]]]
[2020/05/15 11:38:41.4880]
[线程：1]
注册总用时：374.0526ms
自动扫描程序集：159个
扩展缓存：
Senparc.Weixin.Cache.LocalContainerCacheStrategy

[[[微信扩展缓存注册完成]]]
[2020/05/15 11:38:41.4936]
[线程：1]
微信扩展缓存注册总用时：0.1272ms
扩展缓存：Senparc.Weixin.Cache.LocalContainerCacheStrategy

[[[首页被访问]]]
[2020/05/15 11:38:41.9590]
[线程：11]
Url：localhost:58930
IP：::1

[[[系统日志]]]
[2020/05/15 11:39:15.1340]
[线程：1]
系统启动

[[[自动注册扩展缓存完成]]]
[2020/05/15 11:39:15.5137]
[线程：1]
注册总用时：373.2856ms
自动扫描程序集：159个
扩展缓存：
Senparc.Weixin.Cache.LocalContainerCacheStrategy

[[[微信扩展缓存注册完成]]]
[2020/05/15 11:39:15.5191]
[线程：1]
微信扩展缓存注册总用时：0.1244ms
扩展缓存：Senparc.Weixin.Cache.LocalContainerCacheStrategy

[[[首页被访问]]]
[2020/05/15 11:39:16.0041]
[线程：12]
Url：localhost:58930
IP：::1

[[[系统日志]]]
[2020/05/15 13:01:44.3246]
[线程：1]
系统启动

[[[自动注册扩展缓存完成]]]
[2020/05/15 13:01:45.0155]
[线程：1]
注册总用时：683.9252ms
自动扫描程序集：159个
扩展缓存：
Senparc.Weixin.Cache.LocalContainerCacheStrategy

[[[微信扩展缓存注册完成]]]
[2020/05/15 13:01:45.0211]
[线程：1]
微信扩展缓存注册总用时：0.1249ms
扩展缓存：Senparc.Weixin.Cache.LocalContainerCacheStrategy

[[[首页被访问]]]
[2020/05/15 13:01:45.6869]
[线程：7]
Url：localhost:58930
IP：::1

[[[系统日志]]]
[2020/05/15 13:03:32.7549]
[线程：1]
系统启动

[[[自动注册扩展缓存完成]]]
[2020/05/15 13:03:33.1359]
[线程：1]
注册总用时：374.3507ms
自动扫描程序集：159个
扩展缓存：
Senparc.Weixin.Cache.LocalContainerCacheStrategy

[[[微信扩展缓存注册完成]]]
[2020/05/15 13:03:33.1414]
[线程：1]
微信扩展缓存注册总用时：0.1283ms
扩展缓存：Senparc.Weixin.Cache.LocalContainerCacheStrategy

[[[首页被访问]]]
[2020/05/15 13:03:33.6339]
[线程：12]
Url：localhost:58930
IP：::1

[[[系统日志]]]
[2020/05/15 13:05:31.9146]
[线程：1]
系统启动

[[[自动注册扩展缓存完成]]]
[2020/05/15 13:05:32.2926]
[线程：1]
注册总用时：371.7032ms
自动扫描程序集：159个
扩展缓存：
Senparc.Weixin.Cache.LocalContainerCacheStrategy

[[[微信扩展缓存注册完成]]]
[2020/05/15 13:05:32.2978]
[线程：1]
微信扩展缓存注册总用时：0.1224ms
扩展缓存：Senparc.Weixin.Cache.LocalContainerCacheStrategy

[[[首页被访问]]]
[2020/05/15 13:05:32.7584]
[线程：11]
Url：localhost:58930
IP：::1

[[[系统日志]]]
[2020/05/15 13:08:37.5378]
[线程：1]
系统启动

[[[自动注册扩展缓存完成]]]
[2020/05/15 13:08:37.9388]
[线程：1]
注册总用时：394.4132ms
自动扫描程序集：159个
扩展缓存：
Senparc.Weixin.Cache.LocalContainerCacheStrategy

[[[微信扩展缓存注册完成]]]
[2020/05/15 13:08:37.9445]
[线程：1]
微信扩展缓存注册总用时：0.1268ms
扩展缓存：Senparc.Weixin.Cache.LocalContainerCacheStrategy

[[[首页被访问]]]
[2020/05/15 13:08:38.4158]
[线程：7]
Url：localhost:58930
IP：::1

[[[系统日志]]]
[2020/05/15 13:10:09.9483]
[线程：1]
系统启动

[[[自动注册扩展缓存完成]]]
[2020/05/15 13:10:10.6305]
[线程：1]
注册总用时：675.921ms
自动扫描程序集：159个
扩展缓存：
Senparc.Weixin.Cache.LocalContainerCacheStrategy

[[[微信扩展缓存注册完成]]]
[2020/05/15 13:10:10.6362]
[线程：1]
微信扩展缓存注册总用时：0.1290ms
扩展缓存：Senparc.Weixin.Cache.LocalContainerCacheStrategy

[[[首页被访问]]]
[2020/05/15 13:10:11.3511]
[线程：7]
Url：localhost:58930
IP：::1

[[[系统日志]]]
[2020/05/15 13:11:13.2901]
[线程：1]
系统启动

[[[自动注册扩展缓存完成]]]
[2020/05/15 13:11:13.6761]
[线程：1]
注册总用时：379.4124ms
自动扫描程序集：159个
扩展缓存：
Senparc.Weixin.Cache.LocalContainerCacheStrategy

[[[微信扩展缓存注册完成]]]
[2020/05/15 13:11:13.6818]
[线程：1]
微信扩展缓存注册总用时：0.1284ms
扩展缓存：Senparc.Weixin.Cache.LocalContainerCacheStrategy

[[[首页被访问]]]
[2020/05/15 13:11:14.1433]
[线程：12]
Url：localhost:58930
IP：::1

[[[系统日志]]]
[2020/05/15 13:12:01.3705]
[线程：1]
系统启动

[[[自动注册扩展缓存完成]]]
[2020/05/15 13:12:01.7515]
[线程：1]
注册总用时：373.7718ms
自动扫描程序集：159个
扩展缓存：
Senparc.Weixin.Cache.LocalContainerCacheStrategy

[[[微信扩展缓存注册完成]]]
[2020/05/15 13:12:01.7572]
[线程：1]
微信扩展缓存注册总用时：0.1317ms
扩展缓存：Senparc.Weixin.Cache.LocalContainerCacheStrategy

[[[首页被访问]]]
[2020/05/15 13:12:02.2127]
[线程：7]
Url：localhost:58930
IP：::1

[[[系统日志]]]
[2020/05/15 13:13:19.3891]
[线程：1]
系统启动

[[[自动注册扩展缓存完成]]]
[2020/05/15 13:13:19.7739]
[线程：1]
注册总用时：378.1511ms
自动扫描程序集：159个
扩展缓存：
Senparc.Weixin.Cache.LocalContainerCacheStrategy

[[[微信扩展缓存注册完成]]]
[2020/05/15 13:13:19.7795]
[线程：1]
微信扩展缓存注册总用时：0.1276ms
扩展缓存：Senparc.Weixin.Cache.LocalContainerCacheStrategy

[[[首页被访问]]]
[2020/05/15 13:13:20.2412]
[线程：7]
Url：localhost:58930
IP：::1

[[[系统日志]]]
[2020/05/15 13:13:55.5000]
[线程：1]
系统启动

[[[自动注册扩展缓存完成]]]
[2020/05/15 13:13:55.8845]
[线程：1]
注册总用时：377.79ms
自动扫描程序集：159个
扩展缓存：
Senparc.Weixin.Cache.LocalContainerCacheStrategy

[[[微信扩展缓存注册完成]]]
[2020/05/15 13:13:55.8903]
[线程：1]
微信扩展缓存注册总用时：0.1287ms
扩展缓存：Senparc.Weixin.Cache.LocalContainerCacheStrategy

[[[首页被访问]]]
[2020/05/15 13:13:56.3462]
[线程：7]
Url：localhost:58930
IP：::1

[[[系统日志]]]
[2020/05/15 13:43:27.4029]
[线程：1]
系统启动

[[[自动注册扩展缓存完成]]]
[2020/05/15 13:43:27.7849]
[线程：1]
注册总用时：375.3066ms
自动扫描程序集：159个
扩展缓存：
Senparc.Weixin.Cache.LocalContainerCacheStrategy

[[[微信扩展缓存注册完成]]]
[2020/05/15 13:43:27.7908]
[线程：1]
微信扩展缓存注册总用时：0.1386ms
扩展缓存：Senparc.Weixin.Cache.LocalContainerCacheStrategy

[[[首页被访问]]]
[2020/05/15 13:43:28.2530]
[线程：7]
Url：localhost:58930
IP：::1

[[[系统日志]]]
[2020/05/15 13:52:53.2767]
[线程：1]
系统启动

[[[自动注册扩展缓存完成]]]
[2020/05/15 13:52:53.6526]
[线程：1]
注册总用时：369.4958ms
自动扫描程序集：159个
扩展缓存：
Senparc.Weixin.Cache.LocalContainerCacheStrategy

[[[微信扩展缓存注册完成]]]
[2020/05/15 13:52:53.6581]
[线程：1]
微信扩展缓存注册总用时：0.1338ms
扩展缓存：Senparc.Weixin.Cache.LocalContainerCacheStrategy

[[[首页被访问]]]
[2020/05/15 13:52:54.1135]
[线程：7]
Url：localhost:58930
IP：::1

[[[系统日志]]]
[2020/05/15 13:53:29.2899]
[线程：1]
系统启动

[[[自动注册扩展缓存完成]]]
[2020/05/15 13:53:29.6742]
[线程：1]
注册总用时：377.2759ms
自动扫描程序集：159个
扩展缓存：
Senparc.Weixin.Cache.LocalContainerCacheStrategy

[[[微信扩展缓存注册完成]]]
[2020/05/15 13:53:29.6800]
[线程：1]
微信扩展缓存注册总用时：0.1326ms
扩展缓存：Senparc.Weixin.Cache.LocalContainerCacheStrategy

[[[首页被访问]]]
[2020/05/15 13:53:30.1487]
[线程：8]
Url：localhost:58930
IP：::1

[[[系统日志]]]
[2020/05/15 14:15:04.0504]
[线程：1]
系统启动

[[[自动注册扩展缓存完成]]]
[2020/05/15 14:15:04.4323]
[线程：1]
注册总用时：375.3927ms
自动扫描程序集：159个
扩展缓存：
Senparc.Weixin.Cache.LocalContainerCacheStrategy

[[[微信扩展缓存注册完成]]]
[2020/05/15 14:15:04.4378]
[线程：1]
微信扩展缓存注册总用时：0.1311ms
扩展缓存：Senparc.Weixin.Cache.LocalContainerCacheStrategy

[[[首页被访问]]]
[2020/05/15 14:15:04.9127]
[线程：13]
Url：localhost:58930
IP：::1

[[[接口调用]]]
[2020/05/15 14:15:09.8278]
[线程：15]
	URL：https://api.weixin.qq.com/cgi-bin/ticket/getticket?access_token=33_y6Go6G8oE0KL__slvFRPOA_XHQ5GI-P8WBhMLjnGxwNUNvKInSDRSb7ApwSMq4W_5Cs12huRacjuf-aoJqFx2niVsNp0X9RjDiPOs2TPKroeMh8cbnIFPLUdi3MpgtmMpklKhMrSvZMa1Qz9NURjACAYFC&type=jsapi
	Result：
{"errcode":0,"errmsg":"ok","ticket":"sM4AOVdWfPE4DxkXGEs8VAPfjVnjEBXQx6VIkdFABOWOTrM4FLb9gnyIryJxnvmzrUSBzL-Tyh_aPeRfBfkwrg","expires_in":7200}

[[[系统日志]]]
[2020/05/15 14:18:35.1843]
[线程：1]
系统启动

[[[自动注册扩展缓存完成]]]
[2020/05/15 14:18:35.5690]
[线程：1]
注册总用时：378.2196ms
自动扫描程序集：159个
扩展缓存：
Senparc.Weixin.Cache.LocalContainerCacheStrategy

[[[微信扩展缓存注册完成]]]
[2020/05/15 14:18:35.5747]
[线程：1]
微信扩展缓存注册总用时：0.1311ms
扩展缓存：Senparc.Weixin.Cache.LocalContainerCacheStrategy

[[[首页被访问]]]
[2020/05/15 14:18:36.0386]
[线程：12]
Url：localhost:58930
IP：::1

[[[接口调用]]]
[2020/05/15 14:18:40.0729]
[线程：15]
	URL：https://api.weixin.qq.com/cgi-bin/ticket/getticket?access_token=33_w4G1PTtdxo3TE-KAQamWbOsBp5NWKcxDD024QnS0JdmD6dVs6dsOI6zDFuToSCoKVRKkjDT2nDYqrPXzF-08-ueuo23WAifD6GdGHvL9aVQVoouuzhe_GhbCqniWIV0cE3I-t9u-oFTA--pSNVTfAFAXFD&type=jsapi
	Result：
{"errcode":0,"errmsg":"ok","ticket":"sM4AOVdWfPE4DxkXGEs8VAPfjVnjEBXQx6VIkdFABOWOTrM4FLb9gnyIryJxnvmzrUSBzL-Tyh_aPeRfBfkwrg","expires_in":7200}

