[[[系统日志]]]
[2020/06/01 19:43:27.5542]
[线程：1]
系统启动

[[[自动注册扩展缓存完成]]]
[2020/06/01 19:43:28.4385]
[线程：1]
注册总用时：876.1621ms
自动扫描程序集：162个
扩展缓存：
Senparc.Weixin.Cache.LocalContainerCacheStrategy

[[[微信扩展缓存注册完成]]]
[2020/06/01 19:43:28.4457]
[线程：1]
微信扩展缓存注册总用时：0.1382ms
扩展缓存：Senparc.Weixin.Cache.LocalContainerCacheStrategy

[[[系统日志]]]
[2020/06/01 20:20:20.5496]
[线程：1]
系统启动

[[[自动注册扩展缓存完成]]]
[2020/06/01 20:20:20.9689]
[线程：1]
注册总用时：412.5872ms
自动扫描程序集：162个
扩展缓存：
Senparc.Weixin.Cache.LocalContainerCacheStrategy

[[[微信扩展缓存注册完成]]]
[2020/06/01 20:20:20.9746]
[线程：1]
微信扩展缓存注册总用时：0.1358ms
扩展缓存：Senparc.Weixin.Cache.LocalContainerCacheStrategy

