[[[系统日志]]]
[2020/05/27 14:28:06.3502]
[线程：1]
系统启动

[[[自动注册扩展缓存完成]]]
[2020/05/27 14:28:06.9861]
[线程：1]
注册总用时：629.8465ms
自动扫描程序集：158个
扩展缓存：
Senparc.Weixin.Cache.LocalContainerCacheStrategy

[[[微信扩展缓存注册完成]]]
[2020/05/27 14:28:06.9915]
[线程：1]
微信扩展缓存注册总用时：0.1237ms
扩展缓存：Senparc.Weixin.Cache.LocalContainerCacheStrategy

[[[系统日志]]]
[2020/05/27 14:29:38.2236]
[线程：1]
系统启动

[[[自动注册扩展缓存完成]]]
[2020/05/27 14:29:38.6683]
[线程：1]
注册总用时：438.137ms
自动扫描程序集：162个
扩展缓存：
Senparc.Weixin.Cache.LocalContainerCacheStrategy

[[[微信扩展缓存注册完成]]]
[2020/05/27 14:29:38.6755]
[线程：1]
微信扩展缓存注册总用时：0.1717ms
扩展缓存：Senparc.Weixin.Cache.LocalContainerCacheStrategy

[[[首页被访问]]]
[2020/05/27 14:29:39.3690]
[线程：7]
Url：localhost:58930
IP：::1

[[[系统日志]]]
[2020/05/27 14:53:38.2467]
[线程：1]
系统启动

[[[自动注册扩展缓存完成]]]
[2020/05/27 14:53:38.6919]
[线程：1]
注册总用时：438.2025ms
自动扫描程序集：162个
扩展缓存：
Senparc.Weixin.Cache.LocalContainerCacheStrategy

[[[微信扩展缓存注册完成]]]
[2020/05/27 14:53:38.6976]
[线程：1]
微信扩展缓存注册总用时：0.1298ms
扩展缓存：Senparc.Weixin.Cache.LocalContainerCacheStrategy

[[[首页被访问]]]
[2020/05/27 14:53:39.3871]
[线程：7]
Url：localhost:58930
IP：::1

[[[系统日志]]]
[2020/05/27 15:06:52.7724]
[线程：1]
系统启动

[[[自动注册扩展缓存完成]]]
[2020/05/27 15:06:53.2407]
[线程：1]
注册总用时：461.1749ms
自动扫描程序集：159个
扩展缓存：
Senparc.Weixin.Cache.LocalContainerCacheStrategy

[[[微信扩展缓存注册完成]]]
[2020/05/27 15:06:53.2466]
[线程：1]
微信扩展缓存注册总用时：0.1339ms
扩展缓存：Senparc.Weixin.Cache.LocalContainerCacheStrategy

[[[首页被访问]]]
[2020/05/27 15:06:53.8727]
[线程：7]
Url：localhost:58930
IP：::1

[[[系统日志]]]
[2020/05/27 15:35:09.4705]
[线程：1]
系统启动

[[[自动注册扩展缓存完成]]]
[2020/05/27 15:35:09.9376]
[线程：1]
注册总用时：460.109ms
自动扫描程序集：162个
扩展缓存：
Senparc.Weixin.Cache.LocalContainerCacheStrategy

[[[微信扩展缓存注册完成]]]
[2020/05/27 15:35:09.9436]
[线程：1]
微信扩展缓存注册总用时：0.1333ms
扩展缓存：Senparc.Weixin.Cache.LocalContainerCacheStrategy

[[[首页被访问]]]
[2020/05/27 15:35:10.6770]
[线程：7]
Url：localhost:58930
IP：::1

