[[[系统日志]]]
[2020/05/14 15:05:46.5558]
[线程：1]
系统启动

[[[自动注册扩展缓存完成]]]
[2020/05/14 15:05:47.1754]
[线程：1]
注册总用时：613.6764ms
自动扫描程序集：159个
扩展缓存：
Senparc.Weixin.Cache.LocalContainerCacheStrategy

[[[微信扩展缓存注册完成]]]
[2020/05/14 15:05:47.1813]
[线程：1]
微信扩展缓存注册总用时：0.1409ms
扩展缓存：Senparc.Weixin.Cache.LocalContainerCacheStrategy

[[[首页被访问]]]
[2020/05/14 15:05:47.7118]
[线程：4]
Url：localhost:44381
IP：::1

[[[首页被访问]]]
[2020/05/14 15:07:00.1784]
[线程：14]
Url：localhost:44381
IP：::1

[[[系统日志]]]
[2020/05/14 15:47:52.7653]
[线程：1]
系统启动

[[[自动注册扩展缓存完成]]]
[2020/05/14 15:47:53.2376]
[线程：1]
注册总用时：465.8058ms
自动扫描程序集：159个
扩展缓存：
Senparc.Weixin.Cache.LocalContainerCacheStrategy

[[[微信扩展缓存注册完成]]]
[2020/05/14 15:47:53.2432]
[线程：1]
微信扩展缓存注册总用时：0.1288ms
扩展缓存：Senparc.Weixin.Cache.LocalContainerCacheStrategy

[[[首页被访问]]]
[2020/05/14 15:47:53.9626]
[线程：7]
Url：localhost:44381
IP：::1

[[[首页被访问]]]
[2020/05/14 15:49:14.0306]
[线程：15]
Url：localhost:44381
IP：::1

[[[首页被访问]]]
[2020/05/14 15:49:15.6381]
[线程：16]
Url：localhost:44381
IP：::1

[[[首页被访问]]]
[2020/05/14 15:49:16.8235]
[线程：13]
Url：localhost:44381
IP：::1

[[[首页被访问]]]
[2020/05/14 15:49:18.1672]
[线程：16]
Url：localhost:44381
IP：::1

[[[首页被访问]]]
[2020/05/14 15:49:29.5486]
[线程：11]
Url：localhost:44381
IP：::1

[[[首页被访问]]]
[2020/05/14 15:49:30.7332]
[线程：19]
Url：localhost:44381
IP：::1

[[[首页被访问]]]
[2020/05/14 15:49:31.4908]
[线程：13]
Url：localhost:44381
IP：::1

[[[首页被访问]]]
[2020/05/14 15:49:32.1071]
[线程：19]
Url：localhost:44381
IP：::1

[[[首页被访问]]]
[2020/05/14 15:49:33.8517]
[线程：20]
Url：localhost:44381
IP：::1

[[[首页被访问]]]
[2020/05/14 15:49:48.0171]
[线程：16]
Url：localhost:44381
IP：::1

[[[首页被访问]]]
[2020/05/14 15:49:49.0025]
[线程：13]
Url：localhost:44381
IP：::1

[[[首页被访问]]]
[2020/05/14 15:49:49.8361]
[线程：16]
Url：localhost:44381
IP：::1

[[[首页被访问]]]
[2020/05/14 15:49:50.5305]
[线程：20]
Url：localhost:44381
IP：::1

[[[首页被访问]]]
[2020/05/14 15:49:50.9990]
[线程：11]
Url：localhost:44381
IP：::1

[[[系统日志]]]
[2020/05/14 15:50:20.6910]
[线程：1]
系统启动

[[[自动注册扩展缓存完成]]]
[2020/05/14 15:50:21.0899]
[线程：1]
注册总用时：392.594ms
自动扫描程序集：159个
扩展缓存：
Senparc.Weixin.Cache.LocalContainerCacheStrategy

[[[微信扩展缓存注册完成]]]
[2020/05/14 15:50:21.0956]
[线程：1]
微信扩展缓存注册总用时：0.1283ms
扩展缓存：Senparc.Weixin.Cache.LocalContainerCacheStrategy

[[[首页被访问]]]
[2020/05/14 15:50:21.4981]
[线程：14]
Url：localhost:44381
IP：::1

[[[首页被访问]]]
[2020/05/14 15:50:52.9418]
[线程：17]
Url：localhost:44381
IP：::1

[[[首页被访问]]]
[2020/05/14 15:50:56.3358]
[线程：4]
Url：localhost:44381
IP：::1

[[[首页被访问]]]
[2020/05/14 15:51:17.5510]
[线程：16]
Url：localhost:44381
IP：::1

[[[系统日志]]]
[2020/05/14 16:03:12.5799]
[线程：1]
系统启动

[[[自动注册扩展缓存完成]]]
[2020/05/14 16:03:12.9648]
[线程：1]
注册总用时：378.328ms
自动扫描程序集：159个
扩展缓存：
Senparc.Weixin.Cache.LocalContainerCacheStrategy

[[[微信扩展缓存注册完成]]]
[2020/05/14 16:03:12.9704]
[线程：1]
微信扩展缓存注册总用时：0.1288ms
扩展缓存：Senparc.Weixin.Cache.LocalContainerCacheStrategy

[[[首页被访问]]]
[2020/05/14 16:03:13.3838]
[线程：13]
Url：localhost:58931
IP：::1

[[[系统日志]]]
[2020/05/14 16:06:12.9907]
[线程：1]
系统启动

[[[自动注册扩展缓存完成]]]
[2020/05/14 16:06:13.3767]
[线程：1]
注册总用时：379.4875ms
自动扫描程序集：159个
扩展缓存：
Senparc.Weixin.Cache.LocalContainerCacheStrategy

[[[微信扩展缓存注册完成]]]
[2020/05/14 16:06:13.3823]
[线程：1]
微信扩展缓存注册总用时：0.1271ms
扩展缓存：Senparc.Weixin.Cache.LocalContainerCacheStrategy

[[[首页被访问]]]
[2020/05/14 16:06:13.8499]
[线程：13]
Url：localhost:58931
IP：::1

[[[系统日志]]]
[2020/05/14 16:26:30.2872]
[线程：1]
系统启动

[[[自动注册扩展缓存完成]]]
[2020/05/14 16:26:30.6613]
[线程：1]
注册总用时：367.8185ms
自动扫描程序集：160个
扩展缓存：
Senparc.Weixin.Cache.LocalContainerCacheStrategy

[[[微信扩展缓存注册完成]]]
[2020/05/14 16:26:30.6667]
[线程：1]
微信扩展缓存注册总用时：0.1287ms
扩展缓存：Senparc.Weixin.Cache.LocalContainerCacheStrategy

[[[首页被访问]]]
[2020/05/14 16:26:31.0749]
[线程：12]
Url：localhost
IP：::1

[[[首页被访问]]]
[2020/05/14 16:27:17.0071]
[线程：11]
Url：localhost
IP：::1

[[[首页被访问]]]
[2020/05/14 16:27:17.9916]
[线程：14]
Url：localhost
IP：::1

[[[首页被访问]]]
[2020/05/14 16:27:18.6086]
[线程：14]
Url：localhost
IP：::1

[[[首页被访问]]]
[2020/05/14 16:27:19.0869]
[线程：4]
Url：localhost
IP：::1

[[[首页被访问]]]
[2020/05/14 16:27:19.5852]
[线程：14]
Url：localhost
IP：::1

[[[首页被访问]]]
[2020/05/14 16:27:32.9914]
[线程：11]
Url：localhost
IP：::1

[[[首页被访问]]]
[2020/05/14 16:27:33.9427]
[线程：11]
Url：localhost
IP：::1

[[[首页被访问]]]
[2020/05/14 16:27:34.5260]
[线程：11]
Url：localhost
IP：::1

[[[首页被访问]]]
[2020/05/14 16:27:35.1344]
[线程：16]
Url：localhost
IP：::1

[[[首页被访问]]]
[2020/05/14 16:27:35.6707]
[线程：4]
Url：localhost
IP：::1

[[[首页被访问]]]
[2020/05/14 16:27:36.0949]
[线程：7]
Url：localhost
IP：::1

[[[首页被访问]]]
[2020/05/14 16:27:36.5018]
[线程：16]
Url：localhost
IP：::1

[[[首页被访问]]]
[2020/05/14 16:27:36.7095]
[线程：11]
Url：localhost
IP：::1

[[[首页被访问]]]
[2020/05/14 16:27:36.9181]
[线程：7]
Url：localhost
IP：::1

[[[首页被访问]]]
[2020/05/14 16:27:37.1089]
[线程：4]
Url：localhost
IP：::1

[[[首页被访问]]]
[2020/05/14 16:27:37.3067]
[线程：4]
Url：localhost
IP：::1

[[[首页被访问]]]
[2020/05/14 16:28:02.8006]
[线程：16]
Url：localhost
IP：::1

[[[首页被访问]]]
[2020/05/14 16:28:03.6245]
[线程：4]
Url：localhost
IP：::1

[[[首页被访问]]]
[2020/05/14 16:28:04.2308]
[线程：11]
Url：localhost
IP：::1

[[[首页被访问]]]
[2020/05/14 16:28:04.6299]
[线程：16]
Url：localhost
IP：::1

[[[首页被访问]]]
[2020/05/14 16:28:04.8314]
[线程：4]
Url：localhost
IP：::1

[[[首页被访问]]]
[2020/05/14 16:28:05.0293]
[线程：4]
Url：localhost
IP：::1

[[[首页被访问]]]
[2020/05/14 16:28:05.2144]
[线程：14]
Url：localhost
IP：::1

[[[首页被访问]]]
[2020/05/14 16:28:05.4062]
[线程：4]
Url：localhost
IP：::1

[[[首页被访问]]]
[2020/05/14 16:28:05.6047]
[线程：14]
Url：localhost
IP：::1

[[[首页被访问]]]
[2020/05/14 16:28:06.1809]
[线程：16]
Url：localhost
IP：::1

[[[首页被访问]]]
[2020/05/14 16:28:09.8388]
[线程：16]
Url：localhost
IP：::1

[[[首页被访问]]]
[2020/05/14 16:28:10.3825]
[线程：4]
Url：localhost
IP：::1

[[[系统日志]]]
[2020/05/14 16:28:55.4767]
[线程：1]
系统启动

[[[自动注册扩展缓存完成]]]
[2020/05/14 16:28:55.8366]
[线程：1]
注册总用时：353.3703ms
自动扫描程序集：160个
扩展缓存：
Senparc.Weixin.Cache.LocalContainerCacheStrategy

[[[微信扩展缓存注册完成]]]
[2020/05/14 16:28:55.8419]
[线程：1]
微信扩展缓存注册总用时：0.1231ms
扩展缓存：Senparc.Weixin.Cache.LocalContainerCacheStrategy

[[[首页被访问]]]
[2020/05/14 16:28:56.2428]
[线程：11]
Url：localhost
IP：::1

[[[首页被访问]]]
[2020/05/14 16:29:19.9381]
[线程：16]
Url：localhost
IP：::1

[[[系统日志]]]
[2020/05/14 16:29:41.7466]
[线程：1]
系统启动

[[[自动注册扩展缓存完成]]]
[2020/05/14 16:29:42.1047]
[线程：1]
注册总用时：351.3834ms
自动扫描程序集：160个
扩展缓存：
Senparc.Weixin.Cache.LocalContainerCacheStrategy

[[[微信扩展缓存注册完成]]]
[2020/05/14 16:29:42.1097]
[线程：1]
微信扩展缓存注册总用时：0.1257ms
扩展缓存：Senparc.Weixin.Cache.LocalContainerCacheStrategy

[[[首页被访问]]]
[2020/05/14 16:29:42.5134]
[线程：4]
Url：localhost
IP：::1

[[[系统日志]]]
[2020/05/14 16:30:27.5637]
[线程：1]
系统启动

[[[自动注册扩展缓存完成]]]
[2020/05/14 16:30:27.9213]
[线程：1]
注册总用时：351.1058ms
自动扫描程序集：160个
扩展缓存：
Senparc.Weixin.Cache.LocalContainerCacheStrategy

[[[微信扩展缓存注册完成]]]
[2020/05/14 16:30:27.9266]
[线程：1]
微信扩展缓存注册总用时：0.1260ms
扩展缓存：Senparc.Weixin.Cache.LocalContainerCacheStrategy

[[[首页被访问]]]
[2020/05/14 16:30:28.3307]
[线程：12]
Url：localhost
IP：::1

[[[系统日志]]]
[2020/05/14 16:31:16.1907]
[线程：1]
系统启动

[[[自动注册扩展缓存完成]]]
[2020/05/14 16:31:16.8191]
[线程：1]
注册总用时：622.1197ms
自动扫描程序集：160个
扩展缓存：
Senparc.Weixin.Cache.LocalContainerCacheStrategy

[[[微信扩展缓存注册完成]]]
[2020/05/14 16:31:16.8246]
[线程：1]
微信扩展缓存注册总用时：0.1330ms
扩展缓存：Senparc.Weixin.Cache.LocalContainerCacheStrategy

[[[首页被访问]]]
[2020/05/14 16:31:17.4292]
[线程：12]
Url：localhost
IP：::1

[[[首页被访问]]]
[2020/05/14 16:32:04.8566]
[线程：17]
Url：192.168.0.147
IP：192.168.0.147

[[[接口调用]]]
[2020/05/14 16:39:31.7385]
[线程：8]
	URL：https://api.weixin.qq.com/cgi-bin/ticket/getticket?access_token=33_E7LetB4sREqNqBtGfoIITKqb-QFQ8B7-Xka9qGgLVSrBvAieRCsoPX6xMKnQE95UTztlozCP6bUDBEkNCO4NcR_wbvEmVE4Rt--hOiHsSrW7XUeMN2PCWBBuEm_cKycK8cvh6s-4MkulRiZ3UDJaAAAYHN&type=jsapi
	Result：
{"errcode":0,"errmsg":"ok","ticket":"sM4AOVdWfPE4DxkXGEs8VAPfjVnjEBXQx6VIkdFABOVin7laLdnPPQGhD0NkyuyXW4RsNg8X5a7paDxVQr0gqA","expires_in":7200}

[[[系统日志]]]
[2020/05/14 16:41:29.9226]
[线程：1]
系统启动

[[[自动注册扩展缓存完成]]]
[2020/05/14 16:41:30.2930]
[线程：1]
注册总用时：363.9222ms
自动扫描程序集：160个
扩展缓存：
Senparc.Weixin.Cache.LocalContainerCacheStrategy

[[[微信扩展缓存注册完成]]]
[2020/05/14 16:41:30.2988]
[线程：1]
微信扩展缓存注册总用时：0.1250ms
扩展缓存：Senparc.Weixin.Cache.LocalContainerCacheStrategy

[[[首页被访问]]]
[2020/05/14 16:41:30.7100]
[线程：4]
Url：localhost
IP：::1

[[[接口调用]]]
[2020/05/14 16:41:58.3054]
[线程：15]
	URL：https://api.weixin.qq.com/cgi-bin/ticket/getticket?access_token=33_2Y0qBSs5dvgU9AjX45gFWCDFEAPF-eaelzDP7Zp-xZhx3Lw2OzdIOBkLZ2OsJP0PS6odLfZ8jpmII0sJ_d9okj_DxFOJp5bbWDAuYyhSU1UDrb2TvGq9JpS9bj8537MryWxUY1RKY9vUruj2DOCaAFAHSG&type=jsapi
	Result：
{"errcode":0,"errmsg":"ok","ticket":"sM4AOVdWfPE4DxkXGEs8VAPfjVnjEBXQx6VIkdFABOVin7laLdnPPQGhD0NkyuyXW4RsNg8X5a7paDxVQr0gqA","expires_in":7200}

[[[系统日志]]]
[2020/05/14 16:44:06.9085]
[线程：1]
系统启动

[[[自动注册扩展缓存完成]]]
[2020/05/14 16:44:07.2730]
[线程：1]
注册总用时：357.8372ms
自动扫描程序集：160个
扩展缓存：
Senparc.Weixin.Cache.LocalContainerCacheStrategy

[[[微信扩展缓存注册完成]]]
[2020/05/14 16:44:07.2785]
[线程：1]
微信扩展缓存注册总用时：0.1318ms
扩展缓存：Senparc.Weixin.Cache.LocalContainerCacheStrategy

[[[首页被访问]]]
[2020/05/14 16:44:07.6835]
[线程：13]
Url：localhost
IP：::1

[[[接口调用]]]
[2020/05/14 16:44:19.6579]
[线程：15]
	URL：https://api.weixin.qq.com/cgi-bin/ticket/getticket?access_token=33_sc4trLMechsqCna_qgRVLsChDCie6C43HfJDAy1zg5NXVFVbFDnDg0Gp9LOJgGj-QJgJ2Z779Mh6JWZRbFfqdsgGIT8YvXuyGjIio0dUOM0Pg3N2MWdf5ty2s41m-7FqQxu7nP125h6BgHQeHPFgADAUCS&type=jsapi
	Result：
{"errcode":0,"errmsg":"ok","ticket":"sM4AOVdWfPE4DxkXGEs8VAPfjVnjEBXQx6VIkdFABOVin7laLdnPPQGhD0NkyuyXW4RsNg8X5a7paDxVQr0gqA","expires_in":7200}

[[[系统日志]]]
[2020/05/14 16:50:20.8584]
[线程：1]
系统启动

[[[自动注册扩展缓存完成]]]
[2020/05/14 16:50:21.2192]
[线程：1]
注册总用时：353.9924ms
自动扫描程序集：160个
扩展缓存：
Senparc.Weixin.Cache.LocalContainerCacheStrategy

[[[微信扩展缓存注册完成]]]
[2020/05/14 16:50:21.2248]
[线程：1]
微信扩展缓存注册总用时：0.1276ms
扩展缓存：Senparc.Weixin.Cache.LocalContainerCacheStrategy

[[[首页被访问]]]
[2020/05/14 16:50:21.6256]
[线程：4]
Url：localhost
IP：::1

[[[首页被访问]]]
[2020/05/14 16:51:19.7879]
[线程：15]
Url：localhost
IP：::1

[[[首页被访问]]]
[2020/05/14 16:51:21.0755]
[线程：14]
Url：localhost
IP：::1

[[[首页被访问]]]
[2020/05/14 16:52:25.2946]
[线程：14]
Url：localhost
IP：::1

[[[系统日志]]]
[2020/05/14 16:54:26.0237]
[线程：1]
系统启动

[[[自动注册扩展缓存完成]]]
[2020/05/14 16:54:26.3921]
[线程：1]
注册总用时：361.94ms
自动扫描程序集：160个
扩展缓存：
Senparc.Weixin.Cache.LocalContainerCacheStrategy

[[[微信扩展缓存注册完成]]]
[2020/05/14 16:54:26.3975]
[线程：1]
微信扩展缓存注册总用时：0.1230ms
扩展缓存：Senparc.Weixin.Cache.LocalContainerCacheStrategy

[[[首页被访问]]]
[2020/05/14 16:54:28.9262]
[线程：12]
Url：localhost
IP：::1

[[[系统日志]]]
[2020/05/14 16:55:09.6198]
[线程：1]
系统启动

[[[自动注册扩展缓存完成]]]
[2020/05/14 16:55:09.9805]
[线程：1]
注册总用时：353.8857ms
自动扫描程序集：160个
扩展缓存：
Senparc.Weixin.Cache.LocalContainerCacheStrategy

[[[微信扩展缓存注册完成]]]
[2020/05/14 16:55:09.9860]
[线程：1]
微信扩展缓存注册总用时：0.1308ms
扩展缓存：Senparc.Weixin.Cache.LocalContainerCacheStrategy

[[[首页被访问]]]
[2020/05/14 16:55:14.3333]
[线程：4]
Url：localhost
IP：::1

[[[系统日志]]]
[2020/05/14 16:56:15.8339]
[线程：1]
系统启动

[[[自动注册扩展缓存完成]]]
[2020/05/14 16:56:16.2017]
[线程：1]
注册总用时：361.4304ms
自动扫描程序集：160个
扩展缓存：
Senparc.Weixin.Cache.LocalContainerCacheStrategy

[[[微信扩展缓存注册完成]]]
[2020/05/14 16:56:16.2082]
[线程：1]
微信扩展缓存注册总用时：0.1367ms
扩展缓存：Senparc.Weixin.Cache.LocalContainerCacheStrategy

[[[首页被访问]]]
[2020/05/14 16:56:16.6187]
[线程：7]
Url：localhost
IP：::1

[[[系统日志]]]
[2020/05/14 16:58:12.8472]
[线程：1]
系统启动

[[[自动注册扩展缓存完成]]]
[2020/05/14 16:58:13.2058]
[线程：1]
注册总用时：351.6753ms
自动扫描程序集：160个
扩展缓存：
Senparc.Weixin.Cache.LocalContainerCacheStrategy

[[[微信扩展缓存注册完成]]]
[2020/05/14 16:58:13.2112]
[线程：1]
微信扩展缓存注册总用时：0.1252ms
扩展缓存：Senparc.Weixin.Cache.LocalContainerCacheStrategy

[[[首页被访问]]]
[2020/05/14 16:58:13.6148]
[线程：12]
Url：localhost
IP：::1

[[[系统日志]]]
[2020/05/14 17:01:36.9282]
[线程：1]
系统启动

[[[自动注册扩展缓存完成]]]
[2020/05/14 17:01:37.2848]
[线程：1]
注册总用时：349.8385ms
自动扫描程序集：160个
扩展缓存：
Senparc.Weixin.Cache.LocalContainerCacheStrategy

[[[微信扩展缓存注册完成]]]
[2020/05/14 17:01:37.2896]
[线程：1]
微信扩展缓存注册总用时：0.1204ms
扩展缓存：Senparc.Weixin.Cache.LocalContainerCacheStrategy

[[[首页被访问]]]
[2020/05/14 17:01:37.6982]
[线程：11]
Url：localhost
IP：::1

[[[系统日志]]]
[2020/05/14 17:55:22.2303]
[线程：1]
系统启动

[[[自动注册扩展缓存完成]]]
[2020/05/14 17:55:22.5936]
[线程：1]
注册总用时：356.9326ms
自动扫描程序集：160个
扩展缓存：
Senparc.Weixin.Cache.LocalContainerCacheStrategy

[[[微信扩展缓存注册完成]]]
[2020/05/14 17:55:22.5991]
[线程：1]
微信扩展缓存注册总用时：0.1380ms
扩展缓存：Senparc.Weixin.Cache.LocalContainerCacheStrategy

[[[首页被访问]]]
[2020/05/14 17:55:22.9984]
[线程：11]
Url：localhost
IP：::1

[[[系统日志]]]
[2020/05/14 18:04:02.9410]
[线程：1]
系统启动

[[[自动注册扩展缓存完成]]]
[2020/05/14 18:04:03.2929]
[线程：1]
注册总用时：345.2198ms
自动扫描程序集：160个
扩展缓存：
Senparc.Weixin.Cache.LocalContainerCacheStrategy

[[[微信扩展缓存注册完成]]]
[2020/05/14 18:04:03.2982]
[线程：1]
微信扩展缓存注册总用时：0.1235ms
扩展缓存：Senparc.Weixin.Cache.LocalContainerCacheStrategy

[[[首页被访问]]]
[2020/05/14 18:04:03.7029]
[线程：12]
Url：localhost
IP：::1

[[[系统日志]]]
[2020/05/14 18:07:48.1120]
[线程：1]
系统启动

[[[自动注册扩展缓存完成]]]
[2020/05/14 18:07:48.4691]
[线程：1]
注册总用时：350.3893ms
自动扫描程序集：160个
扩展缓存：
Senparc.Weixin.Cache.LocalContainerCacheStrategy

[[[微信扩展缓存注册完成]]]
[2020/05/14 18:07:48.4744]
[线程：1]
微信扩展缓存注册总用时：0.1275ms
扩展缓存：Senparc.Weixin.Cache.LocalContainerCacheStrategy

[[[首页被访问]]]
[2020/05/14 18:07:48.8804]
[线程：12]
Url：localhost
IP：::1

[[[首页被访问]]]
[2020/05/14 18:08:01.5133]
[线程：15]
Url：localhost
IP：::1

[[[系统日志]]]
[2020/05/14 18:09:05.6831]
[线程：1]
系统启动

[[[自动注册扩展缓存完成]]]
[2020/05/14 18:09:06.0440]
[线程：1]
注册总用时：354.032ms
自动扫描程序集：160个
扩展缓存：
Senparc.Weixin.Cache.LocalContainerCacheStrategy

[[[微信扩展缓存注册完成]]]
[2020/05/14 18:09:06.0501]
[线程：1]
微信扩展缓存注册总用时：0.1319ms
扩展缓存：Senparc.Weixin.Cache.LocalContainerCacheStrategy

[[[首页被访问]]]
[2020/05/14 18:09:06.4739]
[线程：11]
Url：localhost
IP：::1

[[[首页被访问]]]
[2020/05/14 18:09:46.7036]
[线程：16]
Url：localhost
IP：::1

[[[系统日志]]]
[2020/05/14 18:11:15.9958]
[线程：1]
系统启动

[[[自动注册扩展缓存完成]]]
[2020/05/14 18:11:16.3598]
[线程：1]
注册总用时：358.2483ms
自动扫描程序集：161个
扩展缓存：
Senparc.Weixin.Cache.LocalContainerCacheStrategy

[[[微信扩展缓存注册完成]]]
[2020/05/14 18:11:16.3650]
[线程：1]
微信扩展缓存注册总用时：0.0902ms
扩展缓存：Senparc.Weixin.Cache.LocalContainerCacheStrategy

[[[首页被访问]]]
[2020/05/14 18:11:16.7557]
[线程：4]
Url：localhost
IP：::1

[[[系统日志]]]
[2020/05/14 18:11:53.0212]
[线程：1]
系统启动

[[[自动注册扩展缓存完成]]]
[2020/05/14 18:11:53.3704]
[线程：1]
注册总用时：343.0651ms
自动扫描程序集：159个
扩展缓存：
Senparc.Weixin.Cache.LocalContainerCacheStrategy

[[[微信扩展缓存注册完成]]]
[2020/05/14 18:11:53.3763]
[线程：1]
微信扩展缓存注册总用时：0.0966ms
扩展缓存：Senparc.Weixin.Cache.LocalContainerCacheStrategy

[[[首页被访问]]]
[2020/05/14 18:11:53.7299]
[线程：11]
Url：localhost:58931
IP：::1

[[[系统日志]]]
[2020/05/14 18:12:49.3644]
[线程：1]
系统启动

[[[自动注册扩展缓存完成]]]
[2020/05/14 18:12:49.7148]
[线程：1]
注册总用时：344.1312ms
自动扫描程序集：159个
扩展缓存：
Senparc.Weixin.Cache.LocalContainerCacheStrategy

[[[微信扩展缓存注册完成]]]
[2020/05/14 18:12:49.7202]
[线程：1]
微信扩展缓存注册总用时：0.0942ms
扩展缓存：Senparc.Weixin.Cache.LocalContainerCacheStrategy

[[[首页被访问]]]
[2020/05/14 18:12:50.0692]
[线程：7]
Url：localhost:58931
IP：::1

[[[系统日志]]]
[2020/05/14 18:13:47.3029]
[线程：1]
系统启动

[[[自动注册扩展缓存完成]]]
[2020/05/14 18:13:47.6641]
[线程：1]
注册总用时：355.4221ms
自动扫描程序集：159个
扩展缓存：
Senparc.Weixin.Cache.LocalContainerCacheStrategy

[[[微信扩展缓存注册完成]]]
[2020/05/14 18:13:47.6697]
[线程：1]
微信扩展缓存注册总用时：0.0970ms
扩展缓存：Senparc.Weixin.Cache.LocalContainerCacheStrategy

[[[首页被访问]]]
[2020/05/14 18:13:48.0329]
[线程：7]
Url：localhost:58931
IP：::1

