[[[系统日志]]]
[2020/05/21 08:29:50.6123]
[线程：1]
系统启动

[[[自动注册扩展缓存完成]]]
[2020/05/21 08:29:51.3997]
[线程：1]
注册总用时：780.9278ms
自动扫描程序集：162个
扩展缓存：
Senparc.Weixin.Cache.LocalContainerCacheStrategy

[[[微信扩展缓存注册完成]]]
[2020/05/21 08:29:51.4058]
[线程：1]
微信扩展缓存注册总用时：0.1792ms
扩展缓存：Senparc.Weixin.Cache.LocalContainerCacheStrategy

[[[首页被访问]]]
[2020/05/21 08:29:52.5299]
[线程：4]
Url：localhost:58930
IP：::1

[[[首页被访问]]]
[2020/05/21 08:51:46.2128]
[线程：26]
Url：localhost:58930
IP：::1

[[[首页被访问]]]
[2020/05/21 08:52:47.8669]
[线程：12]
Url：localhost:58930
IP：::1

[[[首页被访问]]]
[2020/05/21 08:53:55.4047]
[线程：12]
Url：localhost:58930
IP：::1

[[[首页被访问]]]
[2020/05/21 08:54:14.3382]
[线程：24]
Url：localhost:58930
IP：::1

[[[首页被访问]]]
[2020/05/21 08:54:42.8961]
[线程：34]
Url：localhost:58930
IP：::1

[[[首页被访问]]]
[2020/05/21 09:00:32.8776]
[线程：37]
Url：localhost:58930
IP：::1

[[[首页被访问]]]
[2020/05/21 09:01:18.0693]
[线程：35]
Url：localhost:58930
IP：::1

[[[首页被访问]]]
[2020/05/21 09:04:53.8119]
[线程：50]
Url：localhost:58930
IP：::1

[[[首页被访问]]]
[2020/05/21 09:07:15.3441]
[线程：63]
Url：localhost:58930
IP：::1

[[[首页被访问]]]
[2020/05/21 10:58:54.8307]
[线程：77]
Url：localhost:58930
IP：::1

[[[首页被访问]]]
[2020/05/21 14:56:50.6855]
[线程：51]
Url：localhost:58930
IP：::1

[[[首页被访问]]]
[2020/05/21 16:49:04.3123]
[线程：40]
Url：localhost:58930
IP：::1

