[[[系统日志]]]
[2020/05/20 12:44:21.7374]
[线程：1]
系统启动

[[[自动注册扩展缓存完成]]]
[2020/05/20 12:44:22.4777]
[线程：1]
注册总用时：733.3939ms
自动扫描程序集：159个
扩展缓存：
Senparc.Weixin.Cache.LocalContainerCacheStrategy

[[[微信扩展缓存注册完成]]]
[2020/05/20 12:44:22.4833]
[线程：1]
微信扩展缓存注册总用时：0.1303ms
扩展缓存：Senparc.Weixin.Cache.LocalContainerCacheStrategy

[[[首页被访问]]]
[2020/05/20 12:44:23.0958]
[线程：5]
Url：localhost:58930
IP：::1

[[[首页被访问]]]
[2020/05/20 12:45:11.9930]
[线程：4]
Url：localhost:58930
IP：::1

[[[首页被访问]]]
[2020/05/20 12:45:13.0696]
[线程：13]
Url：localhost:58930
IP：::1

[[[首页被访问]]]
[2020/05/20 12:45:13.9704]
[线程：15]
Url：localhost:58930
IP：::1

[[[首页被访问]]]
[2020/05/20 12:45:14.7832]
[线程：18]
Url：localhost:58930
IP：::1

[[[首页被访问]]]
[2020/05/20 12:45:15.6572]
[线程：15]
Url：localhost:58930
IP：::1

[[[首页被访问]]]
[2020/05/20 12:46:10.3671]
[线程：18]
Url：localhost:58930
IP：::1

[[[首页被访问]]]
[2020/05/20 12:46:11.9831]
[线程：4]
Url：localhost:58930
IP：::1

[[[首页被访问]]]
[2020/05/20 12:46:13.2266]
[线程：23]
Url：localhost:58930
IP：::1

[[[首页被访问]]]
[2020/05/20 12:46:14.2724]
[线程：23]
Url：localhost:58930
IP：::1

[[[首页被访问]]]
[2020/05/20 12:46:15.0714]
[线程：24]
Url：localhost:58930
IP：::1

[[[首页被访问]]]
[2020/05/20 12:46:15.9427]
[线程：4]
Url：localhost:58930
IP：::1

[[[首页被访问]]]
[2020/05/20 12:46:17.0665]
[线程：23]
Url：localhost:58930
IP：::1

[[[首页被访问]]]
[2020/05/20 12:46:18.0408]
[线程：16]
Url：localhost:58930
IP：::1

[[[首页被访问]]]
[2020/05/20 12:46:19.0700]
[线程：4]
Url：localhost:58930
IP：::1

[[[首页被访问]]]
[2020/05/20 12:46:19.8714]
[线程：18]
Url：localhost:58930
IP：::1

[[[首页被访问]]]
[2020/05/20 12:46:20.5840]
[线程：4]
Url：localhost:58930
IP：::1

[[[系统日志]]]
[2020/05/20 12:49:44.3827]
[线程：1]
系统启动

[[[自动注册扩展缓存完成]]]
[2020/05/20 12:49:44.8853]
[线程：1]
注册总用时：496.3169ms
自动扫描程序集：162个
扩展缓存：
Senparc.Weixin.Cache.LocalContainerCacheStrategy

[[[微信扩展缓存注册完成]]]
[2020/05/20 12:49:44.8913]
[线程：1]
微信扩展缓存注册总用时：0.1287ms
扩展缓存：Senparc.Weixin.Cache.LocalContainerCacheStrategy

[[[首页被访问]]]
[2020/05/20 12:49:45.8478]
[线程：9]
Url：localhost:58930
IP：::1

[[[首页被访问]]]
[2020/05/20 12:49:56.8219]
[线程：4]
Url：localhost:58930
IP：::1

[[[首页被访问]]]
[2020/05/20 12:52:51.5282]
[线程：27]
Url：localhost:58930
IP：::1

[[[首页被访问]]]
[2020/05/20 12:53:39.2240]
[线程：32]
Url：localhost:58930
IP：::1

[[[首页被访问]]]
[2020/05/20 12:54:32.1570]
[线程：32]
Url：localhost:58930
IP：::1

[[[首页被访问]]]
[2020/05/20 12:55:19.1012]
[线程：24]
Url：localhost:58930
IP：::1

[[[系统日志]]]
[2020/05/20 13:01:30.6338]
[线程：1]
系统启动

[[[自动注册扩展缓存完成]]]
[2020/05/20 13:01:31.0508]
[线程：1]
注册总用时：410.3937ms
自动扫描程序集：162个
扩展缓存：
Senparc.Weixin.Cache.LocalContainerCacheStrategy

[[[微信扩展缓存注册完成]]]
[2020/05/20 13:01:31.0564]
[线程：1]
微信扩展缓存注册总用时：0.1274ms
扩展缓存：Senparc.Weixin.Cache.LocalContainerCacheStrategy

[[[首页被访问]]]
[2020/05/20 13:01:31.7789]
[线程：4]
Url：localhost:58930
IP：::1

[[[首页被访问]]]
[2020/05/20 13:02:18.4132]
[线程：16]
Url：localhost:58930
IP：::1

[[[首页被访问]]]
[2020/05/20 13:03:23.8540]
[线程：15]
Url：localhost:58930
IP：::1

[[[首页被访问]]]
[2020/05/20 13:04:44.4583]
[线程：34]
Url：localhost:58930
IP：::1

[[[首页被访问]]]
[2020/05/20 13:05:06.9630]
[线程：35]
Url：localhost:58930
IP：::1

[[[首页被访问]]]
[2020/05/20 13:07:26.1777]
[线程：15]
Url：localhost:58930
IP：::1

[[[首页被访问]]]
[2020/05/20 13:08:28.0553]
[线程：4]
Url：localhost:58930
IP：::1

[[[系统日志]]]
[2020/05/20 13:23:06.3398]
[线程：1]
系统启动

[[[自动注册扩展缓存完成]]]
[2020/05/20 13:23:06.7456]
[线程：1]
注册总用时：398.4071ms
自动扫描程序集：162个
扩展缓存：
Senparc.Weixin.Cache.LocalContainerCacheStrategy

[[[微信扩展缓存注册完成]]]
[2020/05/20 13:23:06.7514]
[线程：1]
微信扩展缓存注册总用时：0.1336ms
扩展缓存：Senparc.Weixin.Cache.LocalContainerCacheStrategy

[[[首页被访问]]]
[2020/05/20 13:23:07.4460]
[线程：9]
Url：localhost:58930
IP：::1

[[[首页被访问]]]
[2020/05/20 13:24:16.4897]
[线程：23]
Url：localhost:58930
IP：::1

[[[首页被访问]]]
[2020/05/20 13:24:41.6002]
[线程：14]
Url：localhost:58930
IP：::1

[[[首页被访问]]]
[2020/05/20 13:24:55.0859]
[线程：16]
Url：localhost:58930
IP：::1

[[[首页被访问]]]
[2020/05/20 13:27:59.2191]
[线程：12]
Url：localhost:58930
IP：::1

[[[系统日志]]]
[2020/05/20 13:29:01.8932]
[线程：1]
系统启动

[[[自动注册扩展缓存完成]]]
[2020/05/20 13:29:02.3072]
[线程：1]
注册总用时：406.7036ms
自动扫描程序集：162个
扩展缓存：
Senparc.Weixin.Cache.LocalContainerCacheStrategy

[[[微信扩展缓存注册完成]]]
[2020/05/20 13:29:02.3131]
[线程：1]
微信扩展缓存注册总用时：0.1315ms
扩展缓存：Senparc.Weixin.Cache.LocalContainerCacheStrategy

[[[首页被访问]]]
[2020/05/20 13:29:03.0158]
[线程：11]
Url：localhost:58930
IP：::1

[[[系统日志]]]
[2020/05/20 13:33:10.5564]
[线程：1]
系统启动

[[[自动注册扩展缓存完成]]]
[2020/05/20 13:33:10.9822]
[线程：1]
注册总用时：419.2417ms
自动扫描程序集：162个
扩展缓存：
Senparc.Weixin.Cache.LocalContainerCacheStrategy

[[[微信扩展缓存注册完成]]]
[2020/05/20 13:33:10.9877]
[线程：1]
微信扩展缓存注册总用时：0.1249ms
扩展缓存：Senparc.Weixin.Cache.LocalContainerCacheStrategy

[[[首页被访问]]]
[2020/05/20 13:33:11.6775]
[线程：7]
Url：localhost:58930
IP：::1

[[[首页被访问]]]
[2020/05/20 13:33:30.2729]
[线程：14]
Url：localhost:58930
IP：::1

[[[首页被访问]]]
[2020/05/20 13:34:11.7978]
[线程：14]
Url：localhost:58930
IP：::1

[[[首页被访问]]]
[2020/05/20 13:34:49.6864]
[线程：11]
Url：localhost:58930
IP：::1

[[[首页被访问]]]
[2020/05/20 13:53:48.4613]
[线程：32]
Url：localhost:58930
IP：::1

[[[首页被访问]]]
[2020/05/20 13:55:15.1407]
[线程：32]
Url：localhost:58930
IP：::1

[[[首页被访问]]]
[2020/05/20 13:56:28.2167]
[线程：36]
Url：localhost:58930
IP：::1

[[[首页被访问]]]
[2020/05/20 14:02:20.5087]
[线程：33]
Url：localhost:58930
IP：::1

[[[首页被访问]]]
[2020/05/20 14:03:07.6225]
[线程：38]
Url：localhost:58930
IP：::1

[[[首页被访问]]]
[2020/05/20 14:04:36.1189]
[线程：33]
Url：localhost:58930
IP：::1

[[[首页被访问]]]
[2020/05/20 14:06:09.9300]
[线程：51]
Url：localhost:58930
IP：::1

[[[首页被访问]]]
[2020/05/20 14:10:18.9565]
[线程：55]
Url：localhost:58930
IP：::1

[[[首页被访问]]]
[2020/05/20 14:10:50.1446]
[线程：72]
Url：localhost:58930
IP：::1

[[[首页被访问]]]
[2020/05/20 14:12:07.1248]
[线程：79]
Url：localhost:58930
IP：::1

[[[首页被访问]]]
[2020/05/20 14:21:28.5048]
[线程：73]
Url：localhost:58930
IP：::1

[[[首页被访问]]]
[2020/05/20 14:22:39.8522]
[线程：94]
Url：localhost:58930
IP：::1

[[[首页被访问]]]
[2020/05/20 14:23:14.9949]
[线程：109]
Url：localhost:58930
IP：::1

[[[首页被访问]]]
[2020/05/20 14:24:06.7776]
[线程：110]
Url：localhost:58930
IP：::1

[[[首页被访问]]]
[2020/05/20 14:24:31.2368]
[线程：114]
Url：localhost:58930
IP：::1

[[[首页被访问]]]
[2020/05/20 14:28:20.4776]
[线程：120]
Url：localhost:58930
IP：::1

[[[首页被访问]]]
[2020/05/20 14:30:11.4950]
[线程：137]
Url：localhost:58930
IP：::1

[[[首页被访问]]]
[2020/05/20 14:33:51.4881]
[线程：124]
Url：localhost:58930
IP：::1

[[[首页被访问]]]
[2020/05/20 14:34:30.3778]
[线程：124]
Url：localhost:58930
IP：::1

[[[首页被访问]]]
[2020/05/20 14:37:05.7794]
[线程：124]
Url：localhost:58930
IP：::1

[[[首页被访问]]]
[2020/05/20 14:38:16.9416]
[线程：123]
Url：localhost:58930
IP：::1

[[[首页被访问]]]
[2020/05/20 14:40:18.3293]
[线程：119]
Url：localhost:58930
IP：::1

[[[首页被访问]]]
[2020/05/20 14:41:54.4929]
[线程：113]
Url：localhost:58930
IP：::1

[[[首页被访问]]]
[2020/05/20 14:43:34.0132]
[线程：123]
Url：localhost:58930
IP：::1

[[[首页被访问]]]
[2020/05/20 14:47:56.5469]
[线程：99]
Url：localhost:58930
IP：::1

[[[首页被访问]]]
[2020/05/20 14:49:31.0679]
[线程：91]
Url：localhost:58930
IP：::1

[[[首页被访问]]]
[2020/05/20 14:51:10.6427]
[线程：80]
Url：localhost:58930
IP：::1

[[[首页被访问]]]
[2020/05/20 14:51:50.2299]
[线程：73]
Url：localhost:58930
IP：::1

[[[首页被访问]]]
[2020/05/20 14:52:33.8946]
[线程：78]
Url：localhost:58930
IP：::1

[[[首页被访问]]]
[2020/05/20 14:58:14.9564]
[线程：64]
Url：localhost:58930
IP：::1

[[[首页被访问]]]
[2020/05/20 14:59:43.4299]
[线程：85]
Url：localhost:58930
IP：::1

[[[首页被访问]]]
[2020/05/20 15:03:05.9047]
[线程：75]
Url：localhost:58930
IP：::1

[[[首页被访问]]]
[2020/05/20 15:03:28.4774]
[线程：89]
Url：localhost:58930
IP：::1

[[[首页被访问]]]
[2020/05/20 15:08:58.9004]
[线程：85]
Url：localhost:58930
IP：::1

[[[首页被访问]]]
[2020/05/20 15:09:08.5265]
[线程：89]
Url：localhost:58930
IP：::1

[[[首页被访问]]]
[2020/05/20 15:09:40.6467]
[线程：110]
Url：localhost:58930
IP：::1

[[[首页被访问]]]
[2020/05/20 15:10:43.0382]
[线程：85]
Url：localhost:58930
IP：::1

[[[首页被访问]]]
[2020/05/20 15:11:30.5924]
[线程：101]
Url：localhost:58930
IP：::1

[[[首页被访问]]]
[2020/05/20 15:12:17.1720]
[线程：101]
Url：localhost:58930
IP：::1

[[[首页被访问]]]
[2020/05/20 15:12:50.0869]
[线程：101]
Url：localhost:58930
IP：::1

[[[首页被访问]]]
[2020/05/20 15:14:17.5200]
[线程：122]
Url：localhost:58930
IP：::1

[[[首页被访问]]]
[2020/05/20 15:19:02.0095]
[线程：105]
Url：localhost:58930
IP：::1

[[[首页被访问]]]
[2020/05/20 15:19:24.6039]
[线程：122]
Url：localhost:58930
IP：::1

[[[首页被访问]]]
[2020/05/20 15:22:11.1421]
[线程：96]
Url：localhost:58930
IP：::1

[[[首页被访问]]]
[2020/05/20 15:22:38.7209]
[线程：92]
Url：localhost:58930
IP：::1

[[[首页被访问]]]
[2020/05/20 15:23:03.4136]
[线程：89]
Url：localhost:58930
IP：::1

[[[首页被访问]]]
[2020/05/20 15:23:49.1488]
[线程：89]
Url：localhost:58930
IP：::1

[[[首页被访问]]]
[2020/05/20 15:26:19.2747]
[线程：72]
Url：localhost:58930
IP：::1

[[[首页被访问]]]
[2020/05/20 15:27:52.2835]
[线程：100]
Url：localhost:58930
IP：::1

[[[首页被访问]]]
[2020/05/20 15:29:06.5174]
[线程：138]
Url：localhost:58930
IP：::1

[[[首页被访问]]]
[2020/05/20 15:33:02.0346]
[线程：135]
Url：localhost:58930
IP：::1

[[[首页被访问]]]
[2020/05/20 15:35:10.5706]
[线程：134]
Url：localhost:58930
IP：::1

[[[首页被访问]]]
[2020/05/20 15:36:13.7183]
[线程：83]
Url：localhost:58930
IP：::1

[[[首页被访问]]]
[2020/05/20 15:39:17.0981]
[线程：99]
Url：localhost:58930
IP：::1

[[[首页被访问]]]
[2020/05/20 15:44:28.9805]
[线程：92]
Url：localhost:58930
IP：::1

[[[首页被访问]]]
[2020/05/20 15:45:49.6687]
[线程：92]
Url：localhost:58930
IP：::1

[[[首页被访问]]]
[2020/05/20 15:50:59.0707]
[线程：92]
Url：localhost:58930
IP：::1

[[[首页被访问]]]
[2020/05/20 15:52:15.8327]
[线程：79]
Url：localhost:58930
IP：::1

[[[首页被访问]]]
[2020/05/20 15:55:34.1865]
[线程：133]
Url：localhost:58930
IP：::1

[[[首页被访问]]]
[2020/05/20 15:59:33.4900]
[线程：122]
Url：localhost:58930
IP：::1

[[[首页被访问]]]
[2020/05/20 16:03:05.1811]
[线程：64]
Url：localhost:58930
IP：::1

[[[首页被访问]]]
[2020/05/20 16:03:05.7647]
[线程：74]
Url：localhost:58930
IP：::1

[[[首页被访问]]]
[2020/05/20 16:03:40.1503]
[线程：85]
Url：localhost:58930
IP：::1

[[[首页被访问]]]
[2020/05/20 16:04:52.6111]
[线程：120]
Url：localhost:58930
IP：::1

[[[首页被访问]]]
[2020/05/20 16:06:50.7070]
[线程：46]
Url：localhost:58930
IP：::1

[[[首页被访问]]]
[2020/05/20 16:07:13.0829]
[线程：139]
Url：localhost:58930
IP：::1

[[[首页被访问]]]
[2020/05/20 16:09:06.5393]
[线程：113]
Url：localhost:58930
IP：::1

[[[首页被访问]]]
[2020/05/20 16:11:50.6736]
[线程：63]
Url：localhost:58930
IP：::1

[[[首页被访问]]]
[2020/05/20 16:12:55.8985]
[线程：128]
Url：localhost:58930
IP：::1

[[[首页被访问]]]
[2020/05/20 16:13:51.1688]
[线程：65]
Url：localhost:58930
IP：::1

[[[首页被访问]]]
[2020/05/20 16:29:38.9727]
[线程：131]
Url：localhost:58930
IP：::1

[[[首页被访问]]]
[2020/05/20 16:38:32.7744]
[线程：101]
Url：localhost:58930
IP：::1

[[[首页被访问]]]
[2020/05/20 16:39:20.2170]
[线程：131]
Url：localhost:58930
IP：::1

[[[系统日志]]]
[2020/05/20 16:42:45.6322]
[线程：1]
系统启动

[[[自动注册扩展缓存完成]]]
[2020/05/20 16:42:46.0442]
[线程：1]
注册总用时：405.2151ms
自动扫描程序集：162个
扩展缓存：
Senparc.Weixin.Cache.LocalContainerCacheStrategy

[[[微信扩展缓存注册完成]]]
[2020/05/20 16:42:46.0499]
[线程：1]
微信扩展缓存注册总用时：0.1246ms
扩展缓存：Senparc.Weixin.Cache.LocalContainerCacheStrategy

[[[首页被访问]]]
[2020/05/20 16:42:46.7409]
[线程：13]
Url：localhost:58930
IP：::1

[[[系统日志]]]
[2020/05/20 16:50:29.5574]
[线程：1]
系统启动

[[[自动注册扩展缓存完成]]]
[2020/05/20 16:50:30.0534]
[线程：1]
注册总用时：489.2776ms
自动扫描程序集：162个
扩展缓存：
Senparc.Weixin.Cache.LocalContainerCacheStrategy

[[[微信扩展缓存注册完成]]]
[2020/05/20 16:50:30.0596]
[线程：1]
微信扩展缓存注册总用时：0.1438ms
扩展缓存：Senparc.Weixin.Cache.LocalContainerCacheStrategy

[[[首页被访问]]]
[2020/05/20 16:50:30.7517]
[线程：11]
Url：localhost:58930
IP：::1

[[[首页被访问]]]
[2020/05/20 17:04:23.1275]
[线程：29]
Url：localhost:58930
IP：::1

[[[首页被访问]]]
[2020/05/20 17:07:19.9476]
[线程：36]
Url：localhost:58930
IP：::1

[[[首页被访问]]]
[2020/05/20 17:07:33.4258]
[线程：27]
Url：localhost:58930
IP：::1

[[[首页被访问]]]
[2020/05/20 17:23:23.2627]
[线程：55]
Url：localhost:58930
IP：::1

[[[首页被访问]]]
[2020/05/20 17:30:13.0839]
[线程：66]
Url：localhost:58930
IP：::1

[[[首页被访问]]]
[2020/05/20 17:35:04.3619]
[线程：64]
Url：localhost:58930
IP：::1

[[[首页被访问]]]
[2020/05/20 17:35:23.6389]
[线程：64]
Url：localhost:58930
IP：::1

[[[首页被访问]]]
[2020/05/20 17:37:50.8571]
[线程：88]
Url：localhost:58930
IP：::1

[[[首页被访问]]]
[2020/05/20 17:38:58.1529]
[线程：95]
Url：localhost:58930
IP：::1

[[[首页被访问]]]
[2020/05/20 17:40:06.3120]
[线程：94]
Url：localhost:58930
IP：::1

[[[首页被访问]]]
[2020/05/20 17:43:47.5036]
[线程：76]
Url：localhost:58930
IP：::1

[[[首页被访问]]]
[2020/05/20 17:44:51.1447]
[线程：67]
Url：localhost:58930
IP：::1

[[[首页被访问]]]
[2020/05/20 17:46:20.5819]
[线程：69]
Url：localhost:58930
IP：::1

