[[[系统日志]]]
[2020/05/29 13:37:42.4943]
[线程：1]
系统启动

[[[自动注册扩展缓存完成]]]
[2020/05/29 13:37:42.8653]
[线程：1]
注册总用时：365.0249ms
自动扫描程序集：158个
扩展缓存：
Senparc.Weixin.Cache.LocalContainerCacheStrategy

[[[微信扩展缓存注册完成]]]
[2020/05/29 13:37:42.8707]
[线程：1]
微信扩展缓存注册总用时：0.1336ms
扩展缓存：Senparc.Weixin.Cache.LocalContainerCacheStrategy

[[[系统日志]]]
[2020/05/29 13:43:04.7113]
[线程：1]
系统启动

[[[自动注册扩展缓存完成]]]
[2020/05/29 13:43:04.9300]
[线程：1]
注册总用时：212.9709ms
自动扫描程序集：158个
扩展缓存：
Senparc.Weixin.Cache.LocalContainerCacheStrategy

[[[微信扩展缓存注册完成]]]
[2020/05/29 13:43:04.9352]
[线程：1]
微信扩展缓存注册总用时：0.1183ms
扩展缓存：Senparc.Weixin.Cache.LocalContainerCacheStrategy

[[[系统日志]]]
[2020/05/29 13:48:20.8974]
[线程：1]
系统启动

[[[自动注册扩展缓存完成]]]
[2020/05/29 13:48:21.1220]
[线程：1]
注册总用时：218.399ms
自动扫描程序集：158个
扩展缓存：
Senparc.Weixin.Cache.LocalContainerCacheStrategy

[[[微信扩展缓存注册完成]]]
[2020/05/29 13:48:21.1268]
[线程：1]
微信扩展缓存注册总用时：0.1171ms
扩展缓存：Senparc.Weixin.Cache.LocalContainerCacheStrategy

